<?xml version="1.0" encoding="UTF-8" ?>
<testsuite tests="3" failures="0" name="de.fraunhofer.iais.eis.validate.BeanValidatorTest" time="0.122" errors="0" skipped="0">
  <properties>
    <property name="java.runtime.name" value="OpenJDK Runtime Environment"/>
    <property name="java.vm.version" value="16+36"/>
    <property name="sun.boot.library.path" value="C:\Program Files\AdoptOpenJDK\jdk-16.0.0.36-hotspot\bin"/>
    <property name="maven.multiModuleProjectDirectory" value="C:\Users\twirtz\temp\open_source_broker\ids-infomodel-validation-serialization-provider"/>
    <property name="java.vm.vendor" value="AdoptOpenJDK"/>
    <property name="java.vendor.url" value="https://adoptopenjdk.net/"/>
    <property name="guice.disable.misplaced.annotation.check" value="true"/>
    <property name="path.separator" value=";"/>
    <property name="java.vm.name" value="OpenJDK 64-Bit Server VM"/>
    <property name="sun.os.patch.level" value=""/>
    <property name="user.script" value=""/>
    <property name="user.country" value="DE"/>
    <property name="sun.java.launcher" value="SUN_STANDARD"/>
    <property name="java.vm.specification.name" value="Java Virtual Machine Specification"/>
    <property name="user.dir" value="C:\Users\twirtz\temp\open_source_broker\ids-infomodel-validation-serialization-provider"/>
    <property name="java.vm.compressedOopsMode" value="Zero based"/>
    <property name="java.runtime.version" value="16+36"/>
    <property name="os.arch" value="amd64"/>
    <property name="java.io.tmpdir" value="C:\Users\twirtz\AppData\Local\Temp\"/>
    <property name="line.separator" value="
"/>
    <property name="java.vm.specification.vendor" value="Oracle Corporation"/>
    <property name="user.variant" value=""/>
    <property name="os.name" value="Windows 10"/>
    <property name="classworlds.conf" value="C:\ProgramData\chocolatey\lib\maven\apache-maven-3.8.6\bin\m2.conf"/>
    <property name="sun.jnu.encoding" value="Cp1252"/>
    <property name="java.library.path" value="C:\Program Files\AdoptOpenJDK\jdk-16.0.0.36-hotspot\bin;C:\WINDOWS\Sun\Java\bin;C:\WINDOWS\system32;C:\WINDOWS;C:\Program Files\Eclipse Adoptium\jdk-11.0.17.8-hotspot\bin;C:\Program Files (x86)\Common Files\Oracle\Java\javapath;C:\Program Files\AdoptOpenJDK\jdk-16.0.0.36-hotspot\bin;C:\Program Files\AdoptOpenJDK\jdk-15.0.2.7-hotspot\bin;C:\WINDOWS\system32;C:\WINDOWS;C:\WINDOWS\System32\Wbem;C:\WINDOWS\System32\WindowsPowerShell\v1.0\;C:\WINDOWS\System32\OpenSSH\;C:\ProgramData\chocolatey\bin;C:\tools\BCURRAN3;;C:\Program Files\Docker\Docker\resources\bin;C:\ProgramData\DockerDesktop\version-bin;C:\Program Files\dotnet\;C:\Program Files\PuTTY\;C:\ProgramData\chocolatey\lib\maven\apache-maven-3.8.6\bin;C:\Program Files\nodejs\;C:\Users\twirtz\.cargo\bin;C:\Users\twirtz\AppData\Local\Microsoft\WindowsApps;C:\Users\twirtz\AppData\Local\atom\bin;C:\Users\twirtz\AppData\Local\Programs\Microsoft VS Code\bin;C:\Anaconda3;C:\Anaconda3\Scripts;C:\Users\twirtz\AppData\Local\Microsoft\WindowsApps;C:\Users\twirtz\AppData\Local\GitHubDesktop\bin;."/>
    <property name="altDeploymentRepository" value="eis-public-repo::default::https://maven.iais.fraunhofer.de/artifactory/eis-ids-public"/>
    <property name="maven.conf" value="C:\ProgramData\chocolatey\lib\maven\apache-maven-3.8.6/conf"/>
    <property name="jdk.debug" value="release"/>
    <property name="java.class.version" value="60.0"/>
    <property name="java.specification.name" value="Java Platform API Specification"/>
    <property name="sun.management.compiler" value="HotSpot 64-Bit Tiered Compilers"/>
    <property name="os.version" value="10.0"/>
    <property name="library.jansi.path" value="C:\ProgramData\chocolatey\lib\maven\apache-maven-3.8.6\lib\jansi-native"/>
    <property name="user.home" value="C:\Users\twirtz"/>
    <property name="user.timezone" value="Europe/Berlin"/>
    <property name="file.encoding" value="Cp1252"/>
    <property name="java.specification.version" value="16"/>
    <property name="user.name" value="twirtz"/>
    <property name="java.class.path" value="C:\ProgramData\chocolatey\lib\maven\apache-maven-3.8.6\boot\plexus-classworlds-2.6.0.jar"/>
    <property name="java.vm.specification.version" value="16"/>
    <property name="sun.arch.data.model" value="64"/>
    <property name="sun.java.command" value="org.codehaus.plexus.classworlds.launcher.Launcher deploy -DaltDeploymentRepository=eis-public-repo::default::https://maven.iais.fraunhofer.de/artifactory/eis-ids-public -Drevision=5.0.4"/>
    <property name="java.home" value="C:\Program Files\AdoptOpenJDK\jdk-16.0.0.36-hotspot"/>
    <property name="user.language" value="de"/>
    <property name="java.specification.vendor" value="Oracle Corporation"/>
    <property name="java.vm.info" value="mixed mode, sharing"/>
    <property name="java.version" value="16"/>
    <property name="java.vendor" value="AdoptOpenJDK"/>
    <property name="sun.stderr.encoding" value="cp850"/>
    <property name="maven.home" value="C:\ProgramData\chocolatey\lib\maven\apache-maven-3.8.6"/>
    <property name="file.separator" value="\"/>
    <property name="java.version.date" value="2021-03-16"/>
    <property name="java.vendor.url.bug" value="https://github.com/AdoptOpenJDK/openjdk-support/issues"/>
    <property name="sun.io.unicode.encoding" value="UnicodeLittle"/>
    <property name="sun.cpu.endian" value="little"/>
    <property name="java.vendor.version" value="AdoptOpenJDK"/>
    <property name="sun.stdout.encoding" value="cp850"/>
    <property name="revision" value="5.0.4"/>
    <property name="sun.cpu.isalist" value="amd64"/>
  </properties>
  <testcase classname="de.fraunhofer.iais.eis.validate.BeanValidatorTest" name="incompleteMessage" time="0.045"/>
  <testcase classname="de.fraunhofer.iais.eis.validate.BeanValidatorTest" name="completeConnectorSelfDescription" time="0.053"/>
  <testcase classname="de.fraunhofer.iais.eis.validate.BeanValidatorTest" name="incompleteConnectorSelfDescription" time="0.024"/>
</testsuite>